<?xml version="1.0" encoding="UTF-8"?>
<!-- Generated by org.testng.reporters.JUnitXMLReporter -->
<testsuite ignored="0" hostname="yogen-3.local" failures="0" tests="2" name="Default test" time="10.818" errors="0" timestamp="2023-02-21T15:19:59 IST">
  <testcase classname="rahulshettyacademy.tests.ErrorValidationsTest" name="errorValidation" time="0.316"/>
  <testcase classname="rahulshettyacademy.tests.ErrorValidationsTest" name="errorValidation" time="0.316"/>
</testsuite> <!-- Default test -->
