<?xml version="1.0" encoding="UTF-8"?>
<testsuite xmlns:xsi="http://www.w3.org/2001/XMLSchema-instance" xsi:noNamespaceSchemaLocation="https://maven.apache.org/surefire/maven-surefire-plugin/xsd/surefire-test-report-3.0.xsd" version="3.0" name="TestSuite" time="28.905" tests="2" errors="0" skipped="0" failures="0">
  <properties>
[...]
</properties>
  <testcase name="submitOrder[{password=yogendra@zxZX12!@, product=ZARA COAT 3, email=yogendra@rahulshettyacademy.com}](1)" classname="rahulshettyacademy.tests.SubmitOrderTest" time="10.617">
    <system-err><![CDATA[[TestNG-tests-1] INFO io.github.bonigarcia.wdm.WebDriverManager - Using geckodriver 0.32.2 (resolved driver for Firefox 110)
[TestNG-tests-1] INFO io.github.bonigarcia.wdm.WebDriverManager - Exporting webdriver.gecko.driver as /Users/yogen/.cache/selenium/geckodriver/mac-arm64/0.32.2/geckodriver
1676973514375	geckodriver	INFO	Listening on 127.0.0.1:33842
1676973514532	mozrunner::runner	INFO	Running command: "/Applications/Firefox.app/Contents/MacOS/firefox-bin" "--marionette" "--remote-debugging-port" "24844" "--r ... /[::1]:24844/" "-foreground" "-no-remote" "-profile" "/var/folders/fj/d5x5_x1j65l0xb7jd2w0ycwr0000gn/T/rust_mozprofile5XTwr5"
console.warn: services.settings: Ignoring preference override of remote settings server
console.warn: services.settings: Allow by setting MOZ_REMOTE_SETTINGS_DEVTOOLS=1 in the environment
1676973514864	Marionette	INFO	Marionette enabled
1676973514911	Marionette	INFO	Listening on port 58808
console.error: "Warning: unrecognized command line flag -remote-allow-hosts\n"
console.error: "Warning: unrecognized command line flag -remote-allow-origins\n"
Read port: 58808
2023-02-21 15:28:34.945 plugin-container[7108:71446] nil host used in call to allowsSpecificHTTPSCertificateForHost
2023-02-21 15:28:34.945 plugin-container[7108:71446] nil host used in call to allowsAnyHTTPSCertificateForHost:
2023-02-21 15:28:34.947 plugin-container[7108:71446] nil host used in call to allowsSpecificHTTPSCertificateForHost
2023-02-21 15:28:34.947 plugin-container[7108:71446] nil host used in call to allowsAnyHTTPSCertificateForHost:
2023-02-21 15:28:34.947 plugin-container[7108:71449] nil host used in call to allowsSpecificHTTPSCertificateForHost
2023-02-21 15:28:34.947 plugin-container[7108:71449] nil host used in call to allowsAnyHTTPSCertificateForHost:
WebDriver BiDi listening on ws://127.0.0.1:24844
1676973515003	RemoteAgent	WARN	TLS certificate errors will be ignored for this session
UNSUPPORTED (log once): POSSIBLE ISSUE: unit 1 GLD_TEXTURE_INDEX_2D is unloadable and bound to sampler type (Float) - using zero texture because texture unloadable
console.warn: SearchSettings: "get: No settings file exists, new profile?" (new NotFoundError("Could not open the file at /var/folders/fj/d5x5_x1j65l0xb7jd2w0ycwr0000gn/T/rust_mozprofile5XTwr5/search.json.mozlz4", (void 0)))
DevTools listening on ws://127.0.0.1:24844/devtools/browser/27e527f9-feaf-4141-ade9-6c3dbe02e0d7
console.warn: LoginRecipes: "Falling back to a synchronous message for: https://rahulshettyacademy.com."
console.warn: LoginRecipes: "Falling back to a synchronous message for: https://rahulshettyacademy.com."
]]></system-err>
  </testcase>
  <testcase name="submitOrder[{password=yogendra@zxZX12!@, product=ADIDAS ORIGINAL, email=yogendra2@rahulshettyacademy.com}](2)" classname="rahulshettyacademy.tests.SubmitOrderTest" time="10.5">
    <system-err><![CDATA[1676973528560	RemoteAgent	INFO	Perform WebSocket upgrade for incoming connection from 127.0.0.1:58843
1676973528563	CDP	ERROR	Invalid browser preferences for CDP. Set "fission.webContentIsolationStrategy"to 0 and "fission.bfcacheInParent" to false before Firefox starts.
1676973528574	Marionette	INFO	Stopped listening on port 58808
[TestNG-tests-1] INFO io.github.bonigarcia.wdm.WebDriverManager - Using geckodriver 0.32.2 (resolved driver for Firefox 110)
[TestNG-tests-1] INFO io.github.bonigarcia.wdm.WebDriverManager - Exporting webdriver.gecko.driver as /Users/yogen/.cache/selenium/geckodriver/mac-arm64/0.32.2/geckodriver
1676973528850	geckodriver	INFO	Listening on 127.0.0.1:9092
1676973528906	mozrunner::runner	INFO	Running command: "/Applications/Firefox.app/Contents/MacOS/firefox-bin" "--marionette" "--remote-debugging-port" "45164" "--r ... /[::1]:45164/" "-foreground" "-no-remote" "-profile" "/var/folders/fj/d5x5_x1j65l0xb7jd2w0ycwr0000gn/T/rust_mozprofileskBDpF"
console.warn: services.settings: Ignoring preference override of remote settings server
console.warn: services.settings: Allow by setting MOZ_REMOTE_SETTINGS_DEVTOOLS=1 in the environment
1676973529168	Marionette	INFO	Marionette enabled
2023-02-21 15:28:49.238 plugin-container[7140:72227] nil host used in call to allowsSpecificHTTPSCertificateForHost
2023-02-21 15:28:49.238 plugin-container[7140:72227] nil host used in call to allowsAnyHTTPSCertificateForHost:
2023-02-21 15:28:49.240 plugin-container[7140:72227] nil host used in call to allowsSpecificHTTPSCertificateForHost
2023-02-21 15:28:49.240 plugin-container[7140:72227] nil host used in call to allowsAnyHTTPSCertificateForHost:
2023-02-21 15:28:49.241 plugin-container[7140:72233] nil host used in call to allowsSpecificHTTPSCertificateForHost
2023-02-21 15:28:49.241 plugin-container[7140:72233] nil host used in call to allowsAnyHTTPSCertificateForHost:
1676973529290	Marionette	INFO	Listening on port 58847
console.error: "Warning: unrecognized command line flag -remote-allow-hosts\n"
console.error: "Warning: unrecognized command line flag -remote-allow-origins\n"
Read port: 58847
WebDriver BiDi listening on ws://127.0.0.1:45164
1676973529348	RemoteAgent	WARN	TLS certificate errors will be ignored for this session
UNSUPPORTED (log once): POSSIBLE ISSUE: unit 1 GLD_TEXTURE_INDEX_2D is unloadable and bound to sampler type (Float) - using zero texture because texture unloadable
console.warn: SearchSettings: "get: No settings file exists, new profile?" (new NotFoundError("Could not open the file at /var/folders/fj/d5x5_x1j65l0xb7jd2w0ycwr0000gn/T/rust_mozprofileskBDpF/search.json.mozlz4", (void 0)))
DevTools listening on ws://127.0.0.1:45164/devtools/browser/76e6b41a-8e68-4d2d-9469-4242e443a386
console.warn: LoginRecipes: "Falling back to a synchronous message for: https://rahulshettyacademy.com."
console.warn: LoginRecipes: "Falling back to a synchronous message for: https://rahulshettyacademy.com."
]]></system-err>
  </testcase>
</testsuite>