<?xml version="1.0" encoding="UTF-8"?>
<testng-results ignored="0" total="2" passed="2" failed="0" skipped="0">
  <reporter-output>
  </reporter-output>
  <suite started-at="2023-02-21T15:28:33 IST" name="Suite" finished-at="2023-02-21T15:29:02 IST" duration-ms="28356">
    <groups>
      <group name="Purchase">
        <method signature="SubmitOrderTest.submitOrder(java.util.HashMap)[pri:0, instance:rahulshettyacademy.tests.SubmitOrderTest@5ab956d7]" name="submitOrder" class="rahulshettyacademy.tests.SubmitOrderTest"/>
      </group> <!-- Purchase -->
    </groups>
    <test started-at="2023-02-21T15:28:33 IST" name="test2" finished-at="2023-02-21T15:29:02 IST" duration-ms="28356">
      <class name="rahulshettyacademy.tests.SubmitOrderTest">
        <test-method is-config="true" signature="launchApplication()[pri:0, instance:rahulshettyacademy.tests.SubmitOrderTest@5ab956d7]" started-at="2023-02-21T15:28:34 IST" name="launchApplication" finished-at="2023-02-21T15:28:37 IST" duration-ms="3881" status="PASS">
          <reporter-output>
          </reporter-output>
        </test-method> <!-- launchApplication -->
        <test-method signature="submitOrder(java.util.HashMap)[pri:0, instance:rahulshettyacademy.tests.SubmitOrderTest@5ab956d7]" started-at="2023-02-21T15:28:37 IST" name="submitOrder" data-provider="getData" finished-at="2023-02-21T15:28:48 IST" duration-ms="10617" status="PASS">
          <params>
            <param index="0">
              <value>
                <![CDATA[{password=yogendra@zxZX12!@, product=ZARA COAT 3, email=yogendra@rahulshettyacademy.com}]]>
              </value>
            </param>
          </params>
          <reporter-output>
          </reporter-output>
        </test-method> <!-- submitOrder -->
        <test-method is-config="true" signature="tearDown()[pri:0, instance:rahulshettyacademy.tests.SubmitOrderTest@5ab956d7]" started-at="2023-02-21T15:28:48 IST" name="tearDown" finished-at="2023-02-21T15:28:48 IST" duration-ms="284" status="PASS">
          <reporter-output>
          </reporter-output>
        </test-method> <!-- tearDown -->
        <test-method is-config="true" signature="launchApplication()[pri:0, instance:rahulshettyacademy.tests.SubmitOrderTest@5ab956d7]" started-at="2023-02-21T15:28:48 IST" name="launchApplication" finished-at="2023-02-21T15:28:51 IST" duration-ms="2723" status="PASS">
          <reporter-output>
          </reporter-output>
        </test-method> <!-- launchApplication -->
        <test-method signature="submitOrder(java.util.HashMap)[pri:0, instance:rahulshettyacademy.tests.SubmitOrderTest@5ab956d7]" started-at="2023-02-21T15:28:51 IST" name="submitOrder" data-provider="getData" finished-at="2023-02-21T15:29:02 IST" duration-ms="10501" status="PASS">
          <params>
            <param index="0">
              <value>
                <![CDATA[{password=yogendra@zxZX12!@, product=ADIDAS ORIGINAL, email=yogendra2@rahulshettyacademy.com}]]>
              </value>
            </param>
          </params>
          <reporter-output>
          </reporter-output>
        </test-method> <!-- submitOrder -->
        <test-method is-config="true" signature="tearDown()[pri:0, instance:rahulshettyacademy.tests.SubmitOrderTest@5ab956d7]" started-at="2023-02-21T15:29:02 IST" name="tearDown" finished-at="2023-02-21T15:29:02 IST" duration-ms="269" status="PASS">
          <reporter-output>
          </reporter-output>
        </test-method> <!-- tearDown -->
      </class> <!-- rahulshettyacademy.tests.SubmitOrderTest -->
    </test> <!-- test2 -->
  </suite> <!-- Suite -->
</testng-results>
