<?xml version="1.0" encoding="UTF-8"?>
<testng-results ignored="0" total="2" passed="2" failed="0" skipped="0">
  <reporter-output>
  </reporter-output>
  <suite started-at="2023-02-21T15:19:48 IST" name="Default suite" finished-at="2023-02-21T15:19:59 IST" duration-ms="10818">
    <groups>
    </groups>
    <test started-at="2023-02-21T15:19:48 IST" name="Default test" finished-at="2023-02-21T15:19:59 IST" duration-ms="10818">
      <class name="rahulshettyacademy.tests.ErrorValidationsTest">
        <test-method is-config="true" signature="launchApplication()[pri:0, instance:rahulshettyacademy.tests.ErrorValidationsTest@229c6181]" started-at="2023-02-21T15:19:48 IST" name="launchApplication" finished-at="2023-02-21T15:19:52 IST" duration-ms="4085" status="PASS">
          <reporter-output>
          </reporter-output>
        </test-method> <!-- launchApplication -->
        <test-method signature="errorValidation(java.lang.String,java.lang.String,java.lang.String)[pri:0, instance:rahulshettyacademy.tests.ErrorValidationsTest@229c6181]" started-at="2023-02-21T15:19:52 IST" name="errorValidation" data-provider="getData" finished-at="2023-02-21T15:19:52 IST" duration-ms="316" status="PASS">
          <params>
            <param index="0">
              <value>
                <![CDATA[yogendra@rahulshettyacademy.com]]>
              </value>
            </param>
            <param index="1">
              <value>
                <![CDATA[yogendra@zxdZX12!@]]>
              </value>
            </param>
            <param index="2">
              <value>
                <![CDATA[ZARA COAT 3]]>
              </value>
            </param>
          </params>
          <reporter-output>
          </reporter-output>
        </test-method> <!-- errorValidation -->
        <test-method is-config="true" signature="tearDown()[pri:0, instance:rahulshettyacademy.tests.ErrorValidationsTest@229c6181]" started-at="2023-02-21T15:19:52 IST" name="tearDown" finished-at="2023-02-21T15:19:53 IST" duration-ms="298" status="PASS">
          <reporter-output>
          </reporter-output>
        </test-method> <!-- tearDown -->
        <test-method is-config="true" signature="launchApplication()[pri:0, instance:rahulshettyacademy.tests.ErrorValidationsTest@229c6181]" started-at="2023-02-21T15:19:53 IST" name="launchApplication" finished-at="2023-02-21T15:19:58 IST" duration-ms="5502" status="PASS">
          <reporter-output>
          </reporter-output>
        </test-method> <!-- launchApplication -->
        <test-method signature="errorValidation(java.lang.String,java.lang.String,java.lang.String)[pri:0, instance:rahulshettyacademy.tests.ErrorValidationsTest@229c6181]" started-at="2023-02-21T15:19:58 IST" name="errorValidation" data-provider="getData" finished-at="2023-02-21T15:19:58 IST" duration-ms="316" status="PASS">
          <params>
            <param index="0">
              <value>
                <![CDATA[himanshu@rahulshettyacademy.com]]>
              </value>
            </param>
            <param index="1">
              <value>
                <![CDATA[Abcd123!@#]]>
              </value>
            </param>
            <param index="2">
              <value>
                <![CDATA[ADIDAS ORIGINAL]]>
              </value>
            </param>
          </params>
          <reporter-output>
          </reporter-output>
        </test-method> <!-- errorValidation -->
        <test-method is-config="true" signature="tearDown()[pri:0, instance:rahulshettyacademy.tests.ErrorValidationsTest@229c6181]" started-at="2023-02-21T15:19:58 IST" name="tearDown" finished-at="2023-02-21T15:19:59 IST" duration-ms="278" status="PASS">
          <reporter-output>
          </reporter-output>
        </test-method> <!-- tearDown -->
      </class> <!-- rahulshettyacademy.tests.ErrorValidationsTest -->
    </test> <!-- Default test -->
  </suite> <!-- Default suite -->
</testng-results>
